0 info it worked if it ends with ok
1 verbose cli [ '/usr/local/bin/node',
1 verbose cli   '/usr/local/bin/npm',
1 verbose cli   'install',
1 verbose cli   'speaker' ]
2 info using npm@1.2.10
3 info using node@v0.9.9
4 verbose read json /home/debian/umbreon/package.json
5 verbose read json /home/debian/umbreon/node_modules/async/package.json
6 verbose read json /home/debian/umbreon/node_modules/debug/package.json
7 verbose read json /home/debian/umbreon/node_modules/icecast/package.json
8 verbose read json /home/debian/umbreon/node_modules/lame/package.json
9 verbose read json /home/debian/umbreon/node_modules/readable-stream/package.json
10 verbose read json /home/debian/umbreon/node_modules/request/package.json
11 verbose read json /home/debian/umbreon/node_modules/socket.io/package.json
12 verbose read json /home/debian/umbreon/node_modules/url/package.json
13 verbose read json /home/debian/umbreon/package.json
14 verbose cache add [ 'speaker', null ]
15 verbose cache add name=undefined spec="speaker" args=["speaker",null]
16 verbose parsed url { protocol: null,
16 verbose parsed url   slashes: null,
16 verbose parsed url   auth: null,
16 verbose parsed url   host: null,
16 verbose parsed url   port: null,
16 verbose parsed url   hostname: null,
16 verbose parsed url   hash: null,
16 verbose parsed url   search: null,
16 verbose parsed url   query: null,
16 verbose parsed url   pathname: 'speaker',
16 verbose parsed url   path: 'speaker',
16 verbose parsed url   href: 'speaker' }
17 silly lockFile 9ee31843-speaker speaker
18 verbose lock speaker /root/.npm/9ee31843-speaker.lock
19 silly lockFile 9ee31843-speaker speaker
20 silly lockFile 9ee31843-speaker speaker
21 verbose addNamed [ 'speaker', '' ]
22 verbose addNamed [ null, '' ]
23 silly lockFile 38e0e7f2-speaker speaker@
24 verbose lock speaker@ /root/.npm/38e0e7f2-speaker.lock
25 silly addNameRange { name: 'speaker', range: '', hasData: false }
26 verbose url raw speaker
27 verbose url resolving [ 'https://registry.npmjs.org/', './speaker' ]
28 verbose url resolved https://registry.npmjs.org/speaker
29 info trying registry request attempt 1 at 21:46:21
30 verbose etag "1EK9FN0DGD8T24U5U5MDHAWLO"
31 http GET https://registry.npmjs.org/speaker
32 http 304 https://registry.npmjs.org/speaker
33 silly registry.get cb [ 304,
33 silly registry.get   { server: 'CouchDB/1.3.1 (Erlang OTP/R15B03)',
33 silly registry.get     etag: '"1EK9FN0DGD8T24U5U5MDHAWLO"',
33 silly registry.get     date: 'Tue, 12 Nov 2013 02:58:27 GMT',
33 silly registry.get     'content-length': '0' } ]
34 verbose etag speaker from cache
35 silly addNameRange number 2 { name: 'speaker', range: '', hasData: true }
36 silly addNameRange versions [ 'speaker',
36 silly addNameRange   [ '0.0.1',
36 silly addNameRange     '0.0.2',
36 silly addNameRange     '0.0.3',
36 silly addNameRange     '0.0.4',
36 silly addNameRange     '0.0.5',
36 silly addNameRange     '0.0.6',
36 silly addNameRange     '0.0.7',
36 silly addNameRange     '0.0.8',
36 silly addNameRange     '0.0.9',
36 silly addNameRange     '0.0.10' ] ]
37 verbose addNamed [ 'speaker', '0.0.10' ]
38 verbose addNamed [ '0.0.10', '0.0.10' ]
39 silly lockFile d1351289-speaker-0-0-10 speaker@0.0.10
40 verbose lock speaker@0.0.10 /root/.npm/d1351289-speaker-0-0-10.lock
41 verbose read json /root/.npm/speaker/0.0.10/package/package.json
42 silly lockFile d1351289-speaker-0-0-10 speaker@0.0.10
43 silly lockFile d1351289-speaker-0-0-10 speaker@0.0.10
44 silly lockFile 38e0e7f2-speaker speaker@
45 silly lockFile 38e0e7f2-speaker speaker@
46 silly resolved [ { name: 'speaker',
46 silly resolved     description: 'Output PCM audio data to the speakers',
46 silly resolved     keywords:
46 silly resolved      [ 'pcm',
46 silly resolved        'audio',
46 silly resolved        'sound',
46 silly resolved        'music',
46 silly resolved        'output',
46 silly resolved        'speaker',
46 silly resolved        'headphone',
46 silly resolved        'alsa',
46 silly resolved        'coreaudio',
46 silly resolved        'openal',
46 silly resolved        'sdl',
46 silly resolved        'portaudio',
46 silly resolved        'jack',
46 silly resolved        'oss',
46 silly resolved        'pulse',
46 silly resolved        'mpg123' ],
46 silly resolved     version: '0.0.10',
46 silly resolved     author:
46 silly resolved      { name: 'Nathan Rajlich',
46 silly resolved        email: 'nathan@tootallnate.net',
46 silly resolved        url: 'http://tootallnate.net' },
46 silly resolved     repository:
46 silly resolved      { type: 'git',
46 silly resolved        url: 'git://github.com/TooTallNate/node-speaker.git' },
46 silly resolved     main: './index.js',
46 silly resolved     scripts:
46 silly resolved      { test: 'node-gyp rebuild --mpg123-backend=dummy && mocha --reporter spec',
46 silly resolved        install: 'node-gyp rebuild' },
46 silly resolved     dependencies: { bindings: '*', debug: '*', 'readable-stream': '*' },
46 silly resolved     devDependencies: { mocha: '*' },
46 silly resolved     gypfile: true,
46 silly resolved     readme: 'node-speaker\n============\n### Output [PCM audio][pcm] data to the speakers\n[![Build Status](https://secure.travis-ci.org/TooTallNate/node-speaker.png)](http://travis-ci.org/TooTallNate/node-speaker)\n\n\nA Writable stream instance that accepts [PCM audio][pcm] data and outputs it\nto the speakers. The output is backed by `mpg123`\'s audio output modules, which\nin turn use any number of audio backends commonly found on Operating Systems\nthese days.\n\n\nInstallation\n------------\n\nSimply compile and install `node-speaker` using `npm`:\n\n``` bash\n$ npm install speaker\n```\n\nOn Debian/Ubuntu, the ALSA backend is selected by default, so be sure to have the\n`alsa.h` header file in place:\n\n``` bash\n$ sudo apt-get install libasound2-dev\n```\n\n\nExample\n-------\n\nHere\'s an example of piping `stdin` to the speaker, which should be 2 channel,\n16-bit audio at 44,100 samples per second (a.k.a CD quality audio).\n\n``` javascript\nvar Speaker = require(\'speaker\');\n\n// Create the Speaker instance\nvar speaker = new Speaker({\n  channels: 2,          // 2 channels\n  bitDepth: 16,         // 16-bit samples\n  sampleRate: 44100     // 44,100 Hz sample rate\n});\n\n// PCM data from stdin gets piped into the speaker\nprocess.stdin.pipe(speaker);\n```\n\n\nAPI\n---\n\n`require(\'speaker\')` directly returns the `Speaker` constructor. It is the only\ninterface exported by `node-speaker`.\n\n### new Speaker([ format ]) -> Speaker instance;\n\nCreates a new `Speaker` instance, which is a writable stream that you can pipe\nPCM audio data to. The optional `format` object may contain any of the `Writable`\nbase class options, as well as any of these PCM formatting options:\n\n  * `channels` - The number of audio channels. PCM data must be interleaved. Defaults to `2`.\n  * `bitDepth` - The number of bits per sample. Defaults to `16` (16-bit).\n  * `sampleRate` - The number of samples per second per channel. Defaults to `44100`.\n  * `signed` - Boolean specifying if the samples are signed or unsigned. Defaults to `true` when bit depth is 8-bit, `false` otherwise.\n  * `samplesPerFrame` The number of samples to send to the audio backend at a time. You likely don\'t need to mess with this value. Defaults to `1024`.\n\n#### "open" event\n\nFired when the backend `open()` call has completed. This happens once the first\n`write()` call happens on the speaker instance.\n\n#### "flush" event\n\nFired after the speaker instance has had `end()` called, and after the audio data\nhas been flushed to the speakers.\n\n#### "close" event\n\nFired after the "flush" event, after the backend `close()` call has completed.\nThis speaker instance is essentially finished after this point.\n\n\nAudio Backend Selection\n-----------------------\n\n`node-speaker` is backed by `mpg123`\'s "output modules", which in turn use one of\nmany popular audio backends like ALSA, OSS, SDL, and lots more. The default\nbackends for each operating system are described in the table below:\n\n| **Operating System** | **Audio Backend** | **Description**\n|:---------------------|:------------------|:----------------------------------\n| Linux                | `alsa`            | Output audio using Advanced Linux Sound Architecture (ALSA).\n| Mac OS X             | `coreaudio`       | Output audio using Mac OS X\'s CoreAudio.\n| Windows              | `win32`           | Audio output for Windows (winmm).\n| Solaris              | `sun`             | Audio output for Sun Audio.\n\nTo manually override the default backend, pass the `--mpg123-backend` switch to\n`npm`/`node-gyp`:\n\n``` bash\n$ npm install speaker --mpg123-backend=openal\n```\n\n[pcm]: http://en.wikipedia.org/wiki/Pulse-code_modulation\n',
46 silly resolved     readmeFilename: 'README.md',
46 silly resolved     _id: 'speaker@0.0.10',
46 silly resolved     _from: 'speaker@' } ]
47 info install speaker@0.0.10 into /home/debian/umbreon
48 info installOne speaker@0.0.10
49 verbose from cache /root/.npm/speaker/0.0.10/package/package.json
50 info /home/debian/umbreon/node_modules/speaker unbuild
51 verbose read json /home/debian/umbreon/node_modules/speaker/package.json
52 verbose tar unpack /root/.npm/speaker/0.0.10/package.tgz
53 silly lockFile 467d0b67-ian-umbreon-node-modules-speaker /home/debian/umbreon/node_modules/speaker
54 verbose lock /home/debian/umbreon/node_modules/speaker /root/.npm/467d0b67-ian-umbreon-node-modules-speaker.lock
55 silly lockFile e51f924b-t-npm-speaker-0-0-10-package-tgz /root/.npm/speaker/0.0.10/package.tgz
56 verbose lock /root/.npm/speaker/0.0.10/package.tgz /root/.npm/e51f924b-t-npm-speaker-0-0-10-package-tgz.lock
57 silly gunzTarPerm modes [ '755', '644' ]
58 silly gunzTarPerm extractEntry package.json
59 silly gunzTarPerm extractEntry .npmignore
60 silly gunzTarPerm extractEntry README.md
61 silly gunzTarPerm extractEntry index.js
62 silly gunzTarPerm extractEntry binding.gyp
63 silly gunzTarPerm extractEntry .travis.yml
64 silly gunzTarPerm extractEntry examples/sine.js
65 silly gunzTarPerm extractEntry examples/stdin.js
66 silly gunzTarPerm extractEntry History.md
67 silly gunzTarPerm extractEntry test/test.js
68 silly gunzTarPerm extractEntry src/binding.cc
69 silly gunzTarPerm extractEntry src/node_pointer.h
70 silly gunzTarPerm extractEntry deps/mpg123/README
71 silly gunzTarPerm extractEntry deps/mpg123/configure.ac
72 silly gunzTarPerm extractEntry deps/mpg123/ChangeLog
73 silly gunzTarPerm extractEntry deps/mpg123/INSTALL
74 silly gunzTarPerm extractEntry deps/mpg123/Makefile.am
75 silly gunzTarPerm extractEntry deps/mpg123/Makefile.in
76 silly gunzTarPerm extractEntry deps/mpg123/NEWS
77 silly gunzTarPerm extractEntry deps/mpg123/NEWS.libmpg123
78 silly gunzTarPerm extractEntry deps/mpg123/AUTHORS
79 silly gunzTarPerm extractEntry deps/mpg123/TODO
80 silly gunzTarPerm extractEntry deps/mpg123/aclocal.m4
81 silly gunzTarPerm extractEntry deps/mpg123/config/linux/arm/config.h
82 silly gunzTarPerm extractEntry deps/mpg123/config/linux/arm/mpg123.h
83 silly gunzTarPerm extractEntry deps/mpg123/config/linux/ia32/config.h
84 silly gunzTarPerm extractEntry deps/mpg123/config/linux/ia32/mpg123.h
85 silly gunzTarPerm extractEntry deps/mpg123/config/linux/x64/config.h
86 silly gunzTarPerm extractEntry deps/mpg123/config/linux/x64/mpg123.h
87 silly gunzTarPerm extractEntry deps/mpg123/config/mac/ia32/config.h
88 silly gunzTarPerm extractEntry deps/mpg123/config/mac/ia32/mpg123.h
89 silly gunzTarPerm extractEntry deps/mpg123/config/mac/x64/config.h
90 silly gunzTarPerm extractEntry deps/mpg123/config/mac/x64/mpg123.h
91 silly gunzTarPerm extractEntry deps/mpg123/config/solaris/ia32/config.h
92 silly gunzTarPerm extractEntry deps/mpg123/config/solaris/ia32/mpg123.h
93 silly gunzTarPerm extractEntry deps/mpg123/config/solaris/x64/config.h
94 silly gunzTarPerm extractEntry deps/mpg123/config/solaris/x64/mpg123.h
95 silly gunzTarPerm extractEntry deps/mpg123/config/win/ia32/config.h
96 silly gunzTarPerm extractEntry deps/mpg123/config/win/ia32/mpg123.h
97 silly gunzTarPerm extractEntry deps/mpg123/config/win/x64/config.h
98 silly gunzTarPerm extractEntry deps/mpg123/config/win/x64/mpg123.h
99 silly gunzTarPerm extractEntry deps/mpg123/configure
100 silly gunzTarPerm extractEntry deps/mpg123/COPYING
101 silly gunzTarPerm extractEntry deps/mpg123/equalize.dat
102 silly gunzTarPerm extractEntry deps/mpg123/libmpg123.pc.in
103 silly gunzTarPerm extractEntry deps/mpg123/m4/addrconfig.m4
104 silly gunzTarPerm extractEntry deps/mpg123/m4/libtool.m4
105 silly gunzTarPerm extractEntry deps/mpg123/m4/ltoptions.m4
106 silly gunzTarPerm extractEntry deps/mpg123/m4/ltsugar.m4
107 silly gunzTarPerm extractEntry deps/mpg123/m4/ltversion.m4
108 silly gunzTarPerm extractEntry deps/mpg123/m4/lt~obsolete.m4
109 silly gunzTarPerm extractEntry deps/mpg123/makedll.sh
110 silly gunzTarPerm extractEntry deps/mpg123/man1/mpg123.1
111 silly gunzTarPerm extractEntry deps/mpg123/mpg123.gyp
112 silly gunzTarPerm extractEntry deps/mpg123/mpg123.spec
113 silly gunzTarPerm extractEntry deps/mpg123/mpg123.spec.in
114 silly gunzTarPerm extractEntry deps/mpg123/scripts/benchmark-cpu.pl
115 silly gunzTarPerm extractEntry deps/mpg123/scripts/tag_lyrics.py
116 silly gunzTarPerm extractEntry deps/mpg123/src/metaprint.h
117 silly gunzTarPerm extractEntry deps/mpg123/src/Makefile.am
118 silly gunzTarPerm extractEntry deps/mpg123/src/audio.c
119 silly gunzTarPerm extractEntry deps/mpg123/src/audio.h
120 silly gunzTarPerm extractEntry deps/mpg123/src/buffer.c
121 silly gunzTarPerm extractEntry deps/mpg123/src/buffer.h
122 silly gunzTarPerm extractEntry deps/mpg123/src/common.c
123 silly gunzTarPerm extractEntry deps/mpg123/src/common.h
124 silly gunzTarPerm extractEntry deps/mpg123/src/config.h.in
125 silly gunzTarPerm extractEntry deps/mpg123/src/control_generic.c
126 silly gunzTarPerm extractEntry deps/mpg123/src/equalizer.c
127 silly gunzTarPerm extractEntry deps/mpg123/src/genre.c
128 silly gunzTarPerm extractEntry deps/mpg123/src/genre.h
129 silly gunzTarPerm extractEntry deps/mpg123/src/getlopt.c
130 silly gunzTarPerm extractEntry deps/mpg123/src/getlopt.h
131 silly gunzTarPerm extractEntry deps/mpg123/src/httpget.c
132 silly gunzTarPerm extractEntry deps/mpg123/src/httpget.h
133 silly gunzTarPerm extractEntry deps/mpg123/src/legacy_module.c
134 silly gunzTarPerm extractEntry deps/mpg123/src/libmpg123/mpg123lib_intern.h
135 silly gunzTarPerm extractEntry deps/mpg123/src/libmpg123/Makefile.am
136 silly gunzTarPerm extractEntry deps/mpg123/src/libmpg123/compat.c
137 silly gunzTarPerm extractEntry deps/mpg123/src/libmpg123/compat.h
138 silly gunzTarPerm extractEntry deps/mpg123/src/libmpg123/dct36_3dnow.S
139 silly gunzTarPerm extractEntry deps/mpg123/src/libmpg123/dct36_3dnowext.S
140 silly gunzTarPerm extractEntry deps/mpg123/src/libmpg123/dct64.c
141 silly gunzTarPerm extractEntry deps/mpg123/src/libmpg123/dct64_3dnow.S
142 silly gunzTarPerm extractEntry deps/mpg123/src/libmpg123/dct64_3dnowext.S
143 silly gunzTarPerm extractEntry deps/mpg123/src/libmpg123/dct64_altivec.c
144 silly gunzTarPerm extractEntry deps/mpg123/src/libmpg123/dct64_i386.c
145 silly gunzTarPerm extractEntry deps/mpg123/src/libmpg123/dct64_i486.c
146 silly gunzTarPerm extractEntry deps/mpg123/src/libmpg123/dct64_mmx.S
147 silly gunzTarPerm extractEntry deps/mpg123/src/libmpg123/dct64_neon.S
148 silly gunzTarPerm extractEntry deps/mpg123/src/libmpg123/dct64_neon_float.S
149 silly gunzTarPerm extractEntry deps/mpg123/src/libmpg123/dct64_sse.S
150 silly gunzTarPerm extractEntry deps/mpg123/src/libmpg123/dct64_sse_float.S
151 silly gunzTarPerm extractEntry deps/mpg123/src/libmpg123/dct64_x86_64.S
152 silly gunzTarPerm extractEntry deps/mpg123/src/libmpg123/dct64_x86_64_float.S
153 silly gunzTarPerm extractEntry deps/mpg123/src/libmpg123/debug.h
154 silly gunzTarPerm extractEntry deps/mpg123/src/libmpg123/decode.h
155 silly gunzTarPerm extractEntry deps/mpg123/src/libmpg123/dither.c
156 silly gunzTarPerm extractEntry deps/mpg123/src/libmpg123/dither.h
157 silly gunzTarPerm extractEntry deps/mpg123/src/libmpg123/equalizer.c
158 silly gunzTarPerm extractEntry deps/mpg123/src/libmpg123/equalizer_3dnow.S
159 silly gunzTarPerm extractEntry deps/mpg123/src/libmpg123/feature.c
160 silly gunzTarPerm extractEntry deps/mpg123/src/libmpg123/format.c
161 silly gunzTarPerm extractEntry deps/mpg123/src/libmpg123/frame.c
162 silly gunzTarPerm extractEntry deps/mpg123/src/libmpg123/frame.h
163 silly gunzTarPerm extractEntry deps/mpg123/src/libmpg123/gapless.h
164 silly gunzTarPerm extractEntry deps/mpg123/src/libmpg123/getbits.h
165 silly gunzTarPerm extractEntry deps/mpg123/src/libmpg123/getcpuflags.S
166 silly gunzTarPerm extractEntry deps/mpg123/src/libmpg123/getcpuflags.h
167 silly gunzTarPerm extractEntry deps/mpg123/src/libmpg123/huffman.h
168 silly gunzTarPerm extractEntry deps/mpg123/src/libmpg123/icy.c
169 silly gunzTarPerm extractEntry deps/mpg123/src/libmpg123/icy.h
170 silly gunzTarPerm extractEntry deps/mpg123/src/libmpg123/icy2utf8.c
171 silly gunzTarPerm extractEntry deps/mpg123/src/libmpg123/icy2utf8.h
172 silly gunzTarPerm extractEntry deps/mpg123/src/libmpg123/id3.c
173 silly gunzTarPerm extractEntry deps/mpg123/src/libmpg123/id3.h
174 silly gunzTarPerm extractEntry deps/mpg123/src/libmpg123/index.c
175 silly gunzTarPerm extractEntry deps/mpg123/src/libmpg123/index.h
176 silly gunzTarPerm extractEntry deps/mpg123/src/libmpg123/intsym.h
177 silly gunzTarPerm extractEntry deps/mpg123/src/libmpg123/l12_integer_tables.h
178 silly gunzTarPerm extractEntry deps/mpg123/src/libmpg123/l2tables.h
179 silly gunzTarPerm extractEntry deps/mpg123/src/libmpg123/l3_integer_tables.h
180 silly gunzTarPerm extractEntry deps/mpg123/src/libmpg123/layer1.c
181 silly gunzTarPerm extractEntry deps/mpg123/src/libmpg123/layer2.c
182 silly gunzTarPerm extractEntry deps/mpg123/src/libmpg123/layer3.c
183 silly gunzTarPerm extractEntry deps/mpg123/src/libmpg123/lfs_alias.c
184 silly gunzTarPerm extractEntry deps/mpg123/src/libmpg123/lfs_wrap.c
185 silly gunzTarPerm extractEntry deps/mpg123/src/libmpg123/libmpg123.c
186 silly gunzTarPerm extractEntry deps/mpg123/src/libmpg123/mangle.h
187 silly gunzTarPerm extractEntry deps/mpg123/src/libmpg123/mpeghead.h
188 silly gunzTarPerm extractEntry deps/mpg123/src/libmpg123/mpg123.h.in
189 silly gunzTarPerm extractEntry deps/mpg123/src/libmpg123/Makefile.in
190 silly gunzTarPerm extractEntry deps/mpg123/src/libmpg123/ntom.c
191 silly gunzTarPerm extractEntry deps/mpg123/src/libmpg123/optimize.c
192 silly gunzTarPerm extractEntry deps/mpg123/src/libmpg123/optimize.h
193 silly gunzTarPerm extractEntry deps/mpg123/src/libmpg123/parse.c
194 silly gunzTarPerm extractEntry deps/mpg123/src/libmpg123/parse.h
195 silly gunzTarPerm extractEntry deps/mpg123/src/libmpg123/reader.h
196 silly gunzTarPerm extractEntry deps/mpg123/src/libmpg123/readers.c
197 silly gunzTarPerm extractEntry deps/mpg123/src/libmpg123/sample.h
198 silly gunzTarPerm extractEntry deps/mpg123/src/libmpg123/stringbuf.c
199 silly gunzTarPerm extractEntry deps/mpg123/src/libmpg123/synth.c
200 silly gunzTarPerm extractEntry deps/mpg123/src/libmpg123/synth.h
201 silly gunzTarPerm extractEntry deps/mpg123/src/libmpg123/synth_3dnow.S
202 silly gunzTarPerm extractEntry deps/mpg123/src/libmpg123/synth_3dnowext.S
203 silly gunzTarPerm extractEntry deps/mpg123/src/libmpg123/synth_8bit.c
204 silly gunzTarPerm extractEntry deps/mpg123/src/libmpg123/synth_8bit.h
205 silly gunzTarPerm extractEntry deps/mpg123/src/libmpg123/synth_altivec.c
206 silly gunzTarPerm extractEntry deps/mpg123/src/libmpg123/synth_arm.S
207 silly gunzTarPerm extractEntry deps/mpg123/src/libmpg123/synth_arm_accurate.S
208 silly gunzTarPerm extractEntry deps/mpg123/src/libmpg123/synth_i486.c
209 silly gunzTarPerm extractEntry deps/mpg123/src/libmpg123/synth_i586.S
210 silly gunzTarPerm extractEntry deps/mpg123/src/libmpg123/synth_i586_dither.S
211 silly gunzTarPerm extractEntry deps/mpg123/src/libmpg123/synth_mmx.S
212 silly gunzTarPerm extractEntry deps/mpg123/src/libmpg123/synth_mono.h
213 silly gunzTarPerm extractEntry deps/mpg123/src/libmpg123/synth_neon.S
214 silly gunzTarPerm extractEntry deps/mpg123/src/libmpg123/synth_neon_accurate.S
215 silly gunzTarPerm extractEntry deps/mpg123/src/libmpg123/synth_neon_float.S
216 silly gunzTarPerm extractEntry deps/mpg123/src/libmpg123/synth_neon_s32.S
217 silly gunzTarPerm extractEntry deps/mpg123/src/libmpg123/synth_ntom.h
218 silly gunzTarPerm extractEntry deps/mpg123/src/libmpg123/synth_real.c
219 silly gunzTarPerm extractEntry deps/mpg123/src/libmpg123/synth_s32.c
220 silly gunzTarPerm extractEntry deps/mpg123/src/libmpg123/synth_sse.S
221 silly gunzTarPerm extractEntry deps/mpg123/src/libmpg123/synth_sse3d.h
222 silly gunzTarPerm extractEntry deps/mpg123/src/libmpg123/synth_sse_accurate.S
223 silly gunzTarPerm extractEntry deps/mpg123/src/libmpg123/synth_sse_float.S
224 silly gunzTarPerm extractEntry deps/mpg123/src/libmpg123/synth_sse_s32.S
225 silly gunzTarPerm extractEntry deps/mpg123/src/libmpg123/synth_stereo_neon.S
226 silly gunzTarPerm extractEntry deps/mpg123/src/libmpg123/synth_stereo_neon_accurate.S
227 silly gunzTarPerm extractEntry deps/mpg123/src/libmpg123/synth_stereo_neon_float.S
228 silly gunzTarPerm extractEntry deps/mpg123/src/libmpg123/synth_stereo_neon_s32.S
229 silly gunzTarPerm extractEntry deps/mpg123/src/libmpg123/synth_stereo_sse_accurate.S
230 silly gunzTarPerm extractEntry deps/mpg123/src/libmpg123/synth_stereo_sse_float.S
231 silly gunzTarPerm extractEntry deps/mpg123/src/libmpg123/synth_stereo_sse_s32.S
232 silly gunzTarPerm extractEntry deps/mpg123/src/libmpg123/synth_stereo_x86_64.S
233 silly gunzTarPerm extractEntry deps/mpg123/src/libmpg123/synth_stereo_x86_64_accurate.S
234 silly gunzTarPerm extractEntry deps/mpg123/src/libmpg123/synth_stereo_x86_64_float.S
235 silly gunzTarPerm extractEntry deps/mpg123/src/libmpg123/synth_stereo_x86_64_s32.S
236 silly gunzTarPerm extractEntry deps/mpg123/src/libmpg123/synth_x86_64.S
237 silly gunzTarPerm extractEntry deps/mpg123/src/libmpg123/synth_x86_64_accurate.S
238 silly gunzTarPerm extractEntry deps/mpg123/src/libmpg123/synth_x86_64_float.S
239 silly gunzTarPerm extractEntry deps/mpg123/src/libmpg123/synth_x86_64_s32.S
240 silly gunzTarPerm extractEntry deps/mpg123/src/libmpg123/synths.h
241 silly gunzTarPerm extractEntry deps/mpg123/src/libmpg123/tabinit.c
242 silly gunzTarPerm extractEntry deps/mpg123/src/libmpg123/tabinit_mmx.S
243 silly gunzTarPerm extractEntry deps/mpg123/src/libmpg123/testcpu.c
244 silly gunzTarPerm extractEntry deps/mpg123/src/libmpg123/true.h
245 silly gunzTarPerm extractEntry deps/mpg123/src/local.c
246 silly gunzTarPerm extractEntry deps/mpg123/src/local.h
247 silly gunzTarPerm extractEntry deps/mpg123/src/metaprint.c
248 silly gunzTarPerm extractEntry deps/mpg123/src/Makefile.in
249 silly gunzTarPerm extractEntry deps/mpg123/src/module.c
250 silly gunzTarPerm extractEntry deps/mpg123/src/module.h
251 silly gunzTarPerm extractEntry deps/mpg123/src/mpg123.c
252 silly gunzTarPerm extractEntry deps/mpg123/src/mpg123app.h
253 silly gunzTarPerm extractEntry deps/mpg123/src/output/nas.c
254 silly gunzTarPerm extractEntry deps/mpg123/src/output/Makefile.am
255 silly gunzTarPerm extractEntry deps/mpg123/src/output/aix.c
256 silly gunzTarPerm extractEntry deps/mpg123/src/output/alib.c
257 silly gunzTarPerm extractEntry deps/mpg123/src/output/alsa.c
258 silly gunzTarPerm extractEntry deps/mpg123/src/output/arts.c
259 silly gunzTarPerm extractEntry deps/mpg123/src/output/coreaudio.c
260 silly gunzTarPerm extractEntry deps/mpg123/src/output/dummy.c
261 silly gunzTarPerm extractEntry deps/mpg123/src/output/esd.c
262 silly gunzTarPerm extractEntry deps/mpg123/src/output/hp.c
263 silly gunzTarPerm extractEntry deps/mpg123/src/output/jack.c
264 silly gunzTarPerm extractEntry deps/mpg123/src/output/mint.c
265 silly gunzTarPerm extractEntry deps/mpg123/src/output/Makefile.in
266 silly gunzTarPerm extractEntry deps/mpg123/src/output/openal.c
267 silly gunzTarPerm extractEntry deps/mpg123/src/output/os2.c
268 silly gunzTarPerm extractEntry deps/mpg123/src/output/oss.c
269 silly gunzTarPerm extractEntry deps/mpg123/src/output/output.h
270 silly gunzTarPerm extractEntry deps/mpg123/src/output/portaudio.c
271 silly gunzTarPerm extractEntry deps/mpg123/src/output/pulse.c
272 silly gunzTarPerm extractEntry deps/mpg123/src/output/sdl.c
273 silly gunzTarPerm extractEntry deps/mpg123/src/output/sgi.c
274 silly gunzTarPerm extractEntry deps/mpg123/src/output/sndio.c
275 silly gunzTarPerm extractEntry deps/mpg123/src/output/sun.c
276 silly gunzTarPerm extractEntry deps/mpg123/src/output/win32.c
277 silly gunzTarPerm extractEntry deps/mpg123/src/playlist.c
278 silly gunzTarPerm extractEntry deps/mpg123/src/playlist.h
279 silly gunzTarPerm extractEntry deps/mpg123/src/resolver.c
280 silly gunzTarPerm extractEntry deps/mpg123/src/resolver.h
281 silly gunzTarPerm extractEntry deps/mpg123/src/sfifo.c
282 silly gunzTarPerm extractEntry deps/mpg123/src/sfifo.h
283 silly gunzTarPerm extractEntry deps/mpg123/src/streamdump.c
284 silly gunzTarPerm extractEntry deps/mpg123/src/streamdump.h
285 silly gunzTarPerm extractEntry deps/mpg123/src/term.c
286 silly gunzTarPerm extractEntry deps/mpg123/src/term.h
287 silly gunzTarPerm extractEntry deps/mpg123/src/wav.c
288 silly gunzTarPerm extractEntry deps/mpg123/src/wavhead.h
289 silly gunzTarPerm extractEntry deps/mpg123/src/win32_net.c
290 silly gunzTarPerm extractEntry deps/mpg123/src/win32_support.c
291 silly gunzTarPerm extractEntry deps/mpg123/src/win32_support.h
292 silly gunzTarPerm extractEntry deps/mpg123/src/xfermem.c
293 silly gunzTarPerm extractEntry deps/mpg123/src/xfermem.h
294 silly gunzTarPerm extractEntry deps/mpg123/test.c
295 silly gunzTarPerm extractEntry deps/mpg123/test_output.c
296 silly gunzTarPerm extractEntry deps/mpg123/windows-builds.sh
297 verbose read json /home/debian/umbreon/node_modules/speaker/package.json
298 silly lockFile 467d0b67-ian-umbreon-node-modules-speaker /home/debian/umbreon/node_modules/speaker
299 silly lockFile 467d0b67-ian-umbreon-node-modules-speaker /home/debian/umbreon/node_modules/speaker
300 silly lockFile e51f924b-t-npm-speaker-0-0-10-package-tgz /root/.npm/speaker/0.0.10/package.tgz
301 silly lockFile e51f924b-t-npm-speaker-0-0-10-package-tgz /root/.npm/speaker/0.0.10/package.tgz
302 info preinstall speaker@0.0.10
303 verbose from cache /home/debian/umbreon/node_modules/speaker/package.json
304 verbose readDependencies using package.json deps
305 verbose from cache /home/debian/umbreon/node_modules/speaker/package.json
306 verbose readDependencies using package.json deps
307 verbose cache add [ 'bindings@*', null ]
308 verbose cache add name=undefined spec="bindings@*" args=["bindings@*",null]
309 verbose parsed url { protocol: null,
309 verbose parsed url   slashes: null,
309 verbose parsed url   auth: null,
309 verbose parsed url   host: null,
309 verbose parsed url   port: null,
309 verbose parsed url   hostname: null,
309 verbose parsed url   hash: null,
309 verbose parsed url   search: null,
309 verbose parsed url   query: null,
309 verbose parsed url   pathname: 'bindings@*',
309 verbose parsed url   path: 'bindings@*',
309 verbose parsed url   href: 'bindings@*' }
310 verbose cache add name="bindings" spec="*" args=["bindings","*"]
311 verbose parsed url { protocol: null,
311 verbose parsed url   slashes: null,
311 verbose parsed url   auth: null,
311 verbose parsed url   host: null,
311 verbose parsed url   port: null,
311 verbose parsed url   hostname: null,
311 verbose parsed url   hash: null,
311 verbose parsed url   search: null,
311 verbose parsed url   query: null,
311 verbose parsed url   pathname: '*',
311 verbose parsed url   path: '*',
311 verbose parsed url   href: '*' }
312 verbose addNamed [ 'bindings', '*' ]
313 verbose addNamed [ null, '' ]
314 silly lockFile a3858fc2-bindings bindings@*
315 verbose lock bindings@* /root/.npm/a3858fc2-bindings.lock
316 silly addNameRange { name: 'bindings', range: '', hasData: false }
317 verbose url raw bindings
318 verbose url resolving [ 'https://registry.npmjs.org/', './bindings' ]
319 verbose url resolved https://registry.npmjs.org/bindings
320 info trying registry request attempt 1 at 21:46:29
321 verbose etag "7T3K5G7IPKYYUOD04UHNCJDA6"
322 http GET https://registry.npmjs.org/bindings
323 http 304 https://registry.npmjs.org/bindings
324 silly registry.get cb [ 304,
324 silly registry.get   { server: 'CouchDB/1.3.1 (Erlang OTP/R15B03)',
324 silly registry.get     etag: '"7T3K5G7IPKYYUOD04UHNCJDA6"',
324 silly registry.get     date: 'Tue, 12 Nov 2013 02:58:36 GMT',
324 silly registry.get     'content-length': '0' } ]
325 verbose etag bindings from cache
326 silly addNameRange number 2 { name: 'bindings', range: '', hasData: true }
327 silly addNameRange versions [ 'bindings',
327 silly addNameRange   [ '0.0.1',
327 silly addNameRange     '0.1.0',
327 silly addNameRange     '0.1.1',
327 silly addNameRange     '0.2.0',
327 silly addNameRange     '0.2.1',
327 silly addNameRange     '0.2.2',
327 silly addNameRange     '0.2.3',
327 silly addNameRange     '0.2.4',
327 silly addNameRange     '0.3.0',
327 silly addNameRange     '0.4.0',
327 silly addNameRange     '1.0.0',
327 silly addNameRange     '1.1.0',
327 silly addNameRange     '1.1.1' ] ]
328 verbose addNamed [ 'bindings', '1.1.1' ]
329 verbose addNamed [ '1.1.1', '1.1.1' ]
330 silly lockFile 52dd60a7-bindings-1-1-1 bindings@1.1.1
331 verbose lock bindings@1.1.1 /root/.npm/52dd60a7-bindings-1-1-1.lock
332 verbose read json /root/.npm/bindings/1.1.1/package/package.json
333 silly lockFile 52dd60a7-bindings-1-1-1 bindings@1.1.1
334 silly lockFile 52dd60a7-bindings-1-1-1 bindings@1.1.1
335 silly lockFile a3858fc2-bindings bindings@*
336 silly lockFile a3858fc2-bindings bindings@*
337 silly resolved [ { name: 'bindings',
337 silly resolved     description: 'Helper module for loading your native module\'s .node file',
337 silly resolved     keywords: [ 'native', 'addon', 'bindings', 'gyp', 'waf', 'c', 'c++' ],
337 silly resolved     version: '1.1.1',
337 silly resolved     author:
337 silly resolved      { name: 'Nathan Rajlich',
337 silly resolved        email: 'nathan@tootallnate.net',
337 silly resolved        url: 'http://tootallnate.net' },
337 silly resolved     repository:
337 silly resolved      { type: 'git',
337 silly resolved        url: 'git://github.com/TooTallNate/node-bindings.git' },
337 silly resolved     main: './bindings.js',
337 silly resolved     readme: 'node-bindings\n=============\n### Helper module for loading your native module\'s .node file\n\nThis is a helper module for authors of Node.js native addon modules.\nIt is basically the "swiss army knife" of `require()`ing your native module\'s\n`.node` file.\n\nThroughout the course of Node\'s native addon history, addons have ended up being\ncompiled in a variety of different places, depending on which build tool and which\nversion of node was used. To make matters worse, now the _gyp_ build tool can\nproduce either a _Release_ or _Debug_ build, each being built into different\nlocations.\n\nThis module checks _all_ the possible locations that a native addon would be built\nat, and returns the first one that loads successfully.\n\n\nInstallation\n------------\n\nInstall with `npm`:\n\n``` bash\n$ npm install bindings\n```\n\nOr add it to the `"dependencies"` section of your _package.json_ file.\n\n\nExample\n-------\n\n`require()`ing the proper bindings file for the current node version, platform\nand architecture is as simple as:\n\n``` js\nvar bindings = require(\'bindings\')(\'binding.node\')\n\n// Use your bindings defined in your C files\nbindings.your_c_function()\n```\n\n\nNice Error Output\n-----------------\n\nWhen the `.node` file could not be loaded, `node-bindings` throws an Error with\na nice error message telling you exactly what was tried. You can also check the\n`err.tries` Array property.\n\n```\nError: Could not load the bindings file. Tried:\n → /Users/nrajlich/ref/build/binding.node\n → /Users/nrajlich/ref/build/Debug/binding.node\n → /Users/nrajlich/ref/build/Release/binding.node\n → /Users/nrajlich/ref/out/Debug/binding.node\n → /Users/nrajlich/ref/Debug/binding.node\n → /Users/nrajlich/ref/out/Release/binding.node\n → /Users/nrajlich/ref/Release/binding.node\n → /Users/nrajlich/ref/build/default/binding.node\n → /Users/nrajlich/ref/compiled/0.8.2/darwin/x64/binding.node\n    at bindings (/Users/nrajlich/ref/node_modules/bindings/bindings.js:84:13)\n    at Object.<anonymous> (/Users/nrajlich/ref/lib/ref.js:5:47)\n    at Module._compile (module.js:449:26)\n    at Object.Module._extensions..js (module.js:467:10)\n    at Module.load (module.js:356:32)\n    at Function.Module._load (module.js:312:12)\n    ...\n```\n\n\nLicense\n-------\n\n(The MIT License)\n\nCopyright (c) 2012 Nathan Rajlich &lt;nathan@tootallnate.net&gt;\n\nPermission is hereby granted, free of charge, to any person obtaining\na copy of this software and associated documentation files (the\n\'Software\'), to deal in the Software without restriction, including\nwithout limitation the rights to use, copy, modify, merge, publish,\ndistribute, sublicense, and/or sell copies of the Software, and to\npermit persons to whom the Software is furnished to do so, subject to\nthe following conditions:\n\nThe above copyright notice and this permission notice shall be\nincluded in all copies or substantial portions of the Software.\n\nTHE SOFTWARE IS PROVIDED \'AS IS\', WITHOUT WARRANTY OF ANY KIND,\nEXPRESS OR IMPLIED, INCLUDING BUT NOT LIMITED TO THE WARRANTIES OF\nMERCHANTABILITY, FITNESS FOR A PARTICULAR PURPOSE AND NONINFRINGEMENT.\nIN NO EVENT SHALL THE AUTHORS OR COPYRIGHT HOLDERS BE LIABLE FOR ANY\nCLAIM, DAMAGES OR OTHER LIABILITY, WHETHER IN AN ACTION OF CONTRACT,\nTORT OR OTHERWISE, ARISING FROM, OUT OF OR IN CONNECTION WITH THE\nSOFTWARE OR THE USE OR OTHER DEALINGS IN THE SOFTWARE.\n',
337 silly resolved     readmeFilename: 'README.md',
337 silly resolved     _id: 'bindings@1.1.1',
337 silly resolved     _from: 'bindings@*' } ]
338 info install bindings@1.1.1 into /home/debian/umbreon/node_modules/speaker
339 info installOne bindings@1.1.1
340 verbose from cache /root/.npm/bindings/1.1.1/package/package.json
341 info /home/debian/umbreon/node_modules/speaker/node_modules/bindings unbuild
342 verbose read json /home/debian/umbreon/node_modules/speaker/node_modules/bindings/package.json
343 verbose tar unpack /root/.npm/bindings/1.1.1/package.tgz
344 silly lockFile 628e3b48-es-speaker-node-modules-bindings /home/debian/umbreon/node_modules/speaker/node_modules/bindings
345 verbose lock /home/debian/umbreon/node_modules/speaker/node_modules/bindings /root/.npm/628e3b48-es-speaker-node-modules-bindings.lock
346 silly lockFile 92439131-t-npm-bindings-1-1-1-package-tgz /root/.npm/bindings/1.1.1/package.tgz
347 verbose lock /root/.npm/bindings/1.1.1/package.tgz /root/.npm/92439131-t-npm-bindings-1-1-1-package-tgz.lock
348 silly gunzTarPerm modes [ '755', '644' ]
349 silly gunzTarPerm extractEntry package.json
350 silly gunzTarPerm extractEntry README.md
351 silly gunzTarPerm extractEntry bindings.js
352 verbose read json /home/debian/umbreon/node_modules/speaker/node_modules/bindings/package.json
353 silly lockFile 628e3b48-es-speaker-node-modules-bindings /home/debian/umbreon/node_modules/speaker/node_modules/bindings
354 silly lockFile 628e3b48-es-speaker-node-modules-bindings /home/debian/umbreon/node_modules/speaker/node_modules/bindings
355 silly lockFile 92439131-t-npm-bindings-1-1-1-package-tgz /root/.npm/bindings/1.1.1/package.tgz
356 silly lockFile 92439131-t-npm-bindings-1-1-1-package-tgz /root/.npm/bindings/1.1.1/package.tgz
357 info preinstall bindings@1.1.1
358 verbose from cache /home/debian/umbreon/node_modules/speaker/node_modules/bindings/package.json
359 verbose readDependencies using package.json deps
360 verbose from cache /home/debian/umbreon/node_modules/speaker/node_modules/bindings/package.json
361 verbose readDependencies using package.json deps
362 silly resolved []
363 verbose about to build /home/debian/umbreon/node_modules/speaker/node_modules/bindings
364 info build /home/debian/umbreon/node_modules/speaker/node_modules/bindings
365 verbose from cache /home/debian/umbreon/node_modules/speaker/node_modules/bindings/package.json
366 verbose linkStuff [ false,
366 verbose linkStuff   false,
366 verbose linkStuff   false,
366 verbose linkStuff   '/home/debian/umbreon/node_modules/speaker/node_modules' ]
367 info linkStuff bindings@1.1.1
368 verbose linkBins bindings@1.1.1
369 verbose linkMans bindings@1.1.1
370 verbose rebuildBundles bindings@1.1.1
371 info install bindings@1.1.1
372 info postinstall bindings@1.1.1
373 verbose about to build /home/debian/umbreon/node_modules/speaker
374 info build /home/debian/umbreon/node_modules/speaker
375 verbose from cache /home/debian/umbreon/node_modules/speaker/package.json
376 verbose linkStuff [ false, false, false, '/home/debian/umbreon/node_modules' ]
377 info linkStuff speaker@0.0.10
378 verbose linkBins speaker@0.0.10
379 verbose linkMans speaker@0.0.10
380 verbose rebuildBundles speaker@0.0.10
381 verbose rebuildBundles [ 'bindings' ]
382 info install speaker@0.0.10
383 verbose unsafe-perm in lifecycle false
384 verbose set uid from=0 to=1000
385 silly exec sh "-c" "node-gyp rebuild"
386 silly sh,-c,node-gyp rebuild,/home/debian/umbreon/node_modules/speaker spawning
387 info speaker@0.0.10 Failed to exec install script
388 info /home/debian/umbreon/node_modules/speaker unbuild
389 verbose from cache /home/debian/umbreon/node_modules/speaker/package.json
390 info preuninstall speaker@0.0.10
391 info uninstall speaker@0.0.10
392 verbose true,/home/debian/umbreon/node_modules,/home/debian/umbreon/node_modules unbuild speaker@0.0.10
393 info postuninstall speaker@0.0.10
394 error speaker@0.0.10 install: `node-gyp rebuild`
394 error `sh "-c" "node-gyp rebuild"` failed with 1
395 error Failed at the speaker@0.0.10 install script.
395 error This is most likely a problem with the speaker package,
395 error not with npm itself.
395 error Tell the author that this fails on your system:
395 error     node-gyp rebuild
395 error You can get their info via:
395 error     npm owner ls speaker
395 error There is likely additional logging output above.
396 error System Linux 3.8.13-bone28
397 error command "/usr/local/bin/node" "/usr/local/bin/npm" "install" "speaker"
398 error cwd /home/debian/umbreon
399 error node -v v0.9.9
400 error npm -v 1.2.10
401 error code ELIFECYCLE
402 verbose exit [ 1, true ]
